Line 38: Class MSAdodcLib.Adodc of control Loginado was not a loaded control class.
Line 44: The property name _ExtentX in Loginado is invalid.
Line 45: The property name _ExtentY in Loginado is invalid.
Line 46: The property name ConnectMode in Loginado is invalid.
Line 47: The property name CursorLocation in Loginado is invalid.
Line 48: The property name IsolationLevel in Loginado is invalid.
Line 49: The property name ConnectionTimeout in Loginado is invalid.
Line 50: The property name CommandTimeout in Loginado is invalid.
Line 51: The property name CursorType in Loginado is invalid.
Line 52: The property name LockType in Loginado is invalid.
Line 53: The property name CommandType in Loginado is invalid.
Line 54: The property name CursorOptions in Loginado is invalid.
Line 55: The property name CacheSize in Loginado is invalid.
Line 56: The property name MaxRecords in Loginado is invalid.
Line 57: The property name BOFAction in Loginado is invalid.
Line 58: The property name EOFAction in Loginado is invalid.
Line 59: The property name ConnectStringType in Loginado is invalid.
Line 63: The property name Orientation in Loginado is invalid.
Line 65: The property name Connect in Loginado is invalid.
Line 66: The property name OLEDBString in Loginado is invalid.
Line 67: The property name OLEDBFile in Loginado is invalid.
Line 68: The property name DataSourceName in Loginado is invalid.
Line 69: The property name OtherAttributes in Loginado is invalid.
Line 70: The property name UserName in Loginado is invalid.
Line 71: The property name Password in Loginado is invalid.
Line 72: The property name RecordSource in Loginado is invalid.
Line 73: The property name Caption in Loginado is invalid.
Line 83: The property name _Version in Loginado is invalid.
